<?xml version="1.0" encoding="UTF-8"?>
<coverage generated="1762370623183" clover="3.2.0">
  <project timestamp="1762370623183" name="All files">
    <metrics statements="66" coveredstatements="52" conditionals="34" coveredconditionals="18" methods="16" coveredmethods="14" elements="116" coveredelements="84" complexity="0" loc="66" ncloc="66" packages="1" files="4" classes="4"/>
    <file name="complexity.ts" path="C:\Users\Garry\Downloads\pricingapp-codex-add-project-type-for-animation-video\shared\pricing\complexity.ts">
      <metrics statements="32" coveredstatements="19" conditionals="14" coveredconditionals="5" methods="7" coveredmethods="6"/>
      <line num="4" count="1" type="stmt"/>
      <line num="13" count="12" type="stmt"/>
      <line num="23" count="0" type="cond" truecount="0" falsecount="2"/>
      <line num="24" count="0" type="stmt"/>
      <line num="26" count="0" type="stmt"/>
      <line num="27" count="0" type="stmt"/>
      <line num="31" count="18" type="stmt"/>
      <line num="32" count="18" type="cond" truecount="1" falsecount="1"/>
      <line num="33" count="0" type="stmt"/>
      <line num="35" count="18" type="stmt"/>
      <line num="42" count="12" type="cond" truecount="1" falsecount="1"/>
      <line num="43" count="0" type="stmt"/>
      <line num="45" count="12" type="stmt"/>
      <line num="46" count="12" type="stmt"/>
      <line num="47" count="120" type="stmt"/>
      <line num="48" count="120" type="stmt"/>
      <line num="50" count="12" type="stmt"/>
      <line num="51" count="12" type="stmt"/>
      <line num="55" count="12" type="stmt"/>
      <line num="56" count="12" type="stmt"/>
      <line num="57" count="36" type="cond" truecount="2" falsecount="0"/>
      <line num="58" count="12" type="cond" truecount="1" falsecount="1"/>
      <line num="59" count="12" type="stmt"/>
      <line num="61" count="0" type="stmt"/>
      <line num="70" count="0" type="stmt"/>
      <line num="71" count="0" type="cond" truecount="0" falsecount="2"/>
      <line num="72" count="0" type="stmt"/>
      <line num="74" count="0" type="cond" truecount="0" falsecount="2"/>
      <line num="75" count="0" type="stmt"/>
      <line num="77" count="0" type="stmt"/>
      <line num="84" count="12" type="stmt"/>
      <line num="85" count="12" type="stmt"/>
    </file>
    <file name="constants.ts" path="C:\Users\Garry\Downloads\pricingapp-codex-add-project-type-for-animation-video\shared\pricing\constants.ts">
      <metrics statements="2" coveredstatements="2" conditionals="0" coveredconditionals="0" methods="0" coveredmethods="0"/>
      <line num="3" count="1" type="stmt"/>
      <line num="5" count="1" type="stmt"/>
    </file>
    <file name="core.ts" path="C:\Users\Garry\Downloads\pricingapp-codex-add-project-type-for-animation-video\shared\pricing\core.ts">
      <metrics statements="29" coveredstatements="29" conditionals="20" coveredconditionals="13" methods="8" coveredmethods="8"/>
      <line num="13" count="108" type="stmt"/>
      <line num="19" count="18" type="stmt"/>
      <line num="20" count="18" type="stmt"/>
      <line num="21" count="18" type="stmt"/>
      <line num="25" count="12" type="stmt"/>
      <line num="26" count="18" type="stmt"/>
      <line num="33" count="6" type="cond" truecount="1" falsecount="1"/>
      <line num="34" count="6" type="cond" truecount="1" falsecount="1"/>
      <line num="35" count="6" type="cond" truecount="2" falsecount="0"/>
      <line num="36" count="6" type="stmt"/>
      <line num="37" count="6" type="stmt"/>
      <line num="41" count="6" type="stmt"/>
      <line num="42" count="12" type="stmt"/>
      <line num="44" count="6" type="stmt"/>
      <line num="45" count="6" type="stmt"/>
      <line num="48" count="6" type="stmt"/>
      <line num="49" count="6" type="stmt"/>
      <line num="50" count="6" type="stmt"/>
      <line num="51" count="6" type="stmt"/>
      <line num="54" count="6" type="cond" truecount="2" falsecount="2"/>
      <line num="64" count="6" type="cond" truecount="1" falsecount="1"/>
      <line num="68" count="6" type="stmt"/>
      <line num="73" count="6" type="cond" truecount="2" falsecount="0"/>
      <line num="74" count="6" type="stmt"/>
      <line num="75" count="6" type="stmt"/>
      <line num="77" count="6" type="stmt"/>
      <line num="79" count="6" type="cond" truecount="1" falsecount="1"/>
      <line num="83" count="6" type="cond" truecount="3" falsecount="1"/>
      <line num="87" count="6" type="stmt"/>
    </file>
    <file name="templates.ts" path="C:\Users\Garry\Downloads\pricingapp-codex-add-project-type-for-animation-video\shared\pricing\templates.ts">
      <metrics statements="3" coveredstatements="2" conditionals="0" coveredconditionals="0" methods="1" coveredmethods="0"/>
      <line num="4" count="1" type="stmt"/>
      <line num="10" count="1" type="stmt"/>
      <line num="210" count="0" type="stmt"/>
    </file>
  </project>
</coverage>
