{"C:\\Users\\Garry\\Downloads\\pricingapp-codex-add-project-type-for-animation-video\\shared\\pricing\\complexity.ts": {"path":"C:\\Users\\Garry\\Downloads\\pricingapp-codex-add-project-type-for-animation-video\\shared\\pricing\\complexity.ts","statementMap":{"0":{"start":{"line":4,"column":25},"end":{"line":10,"column":null}},"1":{"start":{"line":13,"column":2},"end":{"line":13,"column":null}},"2":{"start":{"line":23,"column":2},"end":{"line":25,"column":null}},"3":{"start":{"line":24,"column":4},"end":{"line":24,"column":null}},"4":{"start":{"line":26,"column":8},"end":{"line":26,"column":null}},"5":{"start":{"line":27,"column":2},"end":{"line":27,"column":null}},"6":{"start":{"line":31,"column":18},"end":{"line":31,"column":null}},"7":{"start":{"line":32,"column":2},"end":{"line":34,"column":null}},"8":{"start":{"line":33,"column":4},"end":{"line":33,"column":null}},"9":{"start":{"line":35,"column":2},"end":{"line":35,"column":null}},"10":{"start":{"line":42,"column":2},"end":{"line":44,"column":null}},"11":{"start":{"line":43,"column":4},"end":{"line":43,"column":null}},"12":{"start":{"line":45,"column":18},"end":{"line":45,"column":null}},"13":{"start":{"line":46,"column":26},"end":{"line":49,"column":null}},"14":{"start":{"line":47,"column":26},"end":{"line":47,"column":null}},"15":{"start":{"line":48,"column":4},"end":{"line":48,"column":null}},"16":{"start":{"line":50,"column":24},"end":{"line":50,"column":null}},"17":{"start":{"line":51,"column":2},"end":{"line":51,"column":null}},"18":{"start":{"line":55,"column":18},"end":{"line":55,"column":null}},"19":{"start":{"line":56,"column":2},"end":{"line":69,"column":null}},"20":{"start":{"line":57,"column":4},"end":{"line":68,"column":null}},"21":{"start":{"line":58,"column":6},"end":{"line":60,"column":null}},"22":{"start":{"line":59,"column":8},"end":{"line":59,"column":null}},"23":{"start":{"line":61,"column":6},"end":{"line":67,"column":null}},"24":{"start":{"line":70,"column":19},"end":{"line":70,"column":null}},"25":{"start":{"line":71,"column":2},"end":{"line":73,"column":null}},"26":{"start":{"line":72,"column":4},"end":{"line":72,"column":null}},"27":{"start":{"line":74,"column":2},"end":{"line":76,"column":null}},"28":{"start":{"line":75,"column":4},"end":{"line":75,"column":null}},"29":{"start":{"line":77,"column":2},"end":{"line":77,"column":null}},"30":{"start":{"line":84,"column":28},"end":{"line":84,"column":null}},"31":{"start":{"line":85,"column":2},"end":{"line":88,"column":null}}},"fnMap":{"0":{"name":"clampScore","decl":{"start":{"line":12,"column":9},"end":{"line":12,"column":20}},"loc":{"start":{"line":12,"column":43},"end":{"line":14,"column":null}},"line":12},"1":{"name":"interpolate","decl":{"start":{"line":16,"column":9},"end":{"line":16,"column":null}},"loc":{"start":{"line":22,"column":10},"end":{"line":28,"column":null}},"line":22},"2":{"name":"getComplexityWeights","decl":{"start":{"line":30,"column":16},"end":{"line":30,"column":37}},"loc":{"start":{"line":30,"column":66},"end":{"line":36,"column":null}},"line":30},"3":{"name":"calculateComplexityScore","decl":{"start":{"line":38,"column":16},"end":{"line":38,"column":null}},"loc":{"start":{"line":41,"column":54},"end":{"line":52,"column":null}},"line":41},"4":{"name":"(anonymous_4)","decl":{"start":{"line":46,"column":41},"end":{"line":46,"column":42}},"loc":{"start":{"line":46,"column":65},"end":{"line":49,"column":5}},"line":46},"5":{"name":"mapScoreToMultiplier","decl":{"start":{"line":54,"column":16},"end":{"line":54,"column":37}},"loc":{"start":{"line":54,"column":60},"end":{"line":78,"column":null}},"line":54},"6":{"name":"calculateComplexityMultiplier","decl":{"start":{"line":80,"column":16},"end":{"line":80,"column":null}},"loc":{"start":{"line":83,"column":49},"end":{"line":89,"column":null}},"line":83}},"branchMap":{"0":{"loc":{"start":{"line":23,"column":2},"end":{"line":25,"column":null}},"type":"if","locations":[{"start":{"line":23,"column":2},"end":{"line":25,"column":null}},{"start":{},"end":{}}],"line":23},"1":{"loc":{"start":{"line":32,"column":2},"end":{"line":34,"column":null}},"type":"if","locations":[{"start":{"line":32,"column":2},"end":{"line":34,"column":null}},{"start":{},"end":{}}],"line":32},"2":{"loc":{"start":{"line":42,"column":2},"end":{"line":44,"column":null}},"type":"if","locations":[{"start":{"line":42,"column":2},"end":{"line":44,"column":null}},{"start":{},"end":{}}],"line":42},"3":{"loc":{"start":{"line":57,"column":4},"end":{"line":68,"column":null}},"type":"if","locations":[{"start":{"line":57,"column":4},"end":{"line":68,"column":null}},{"start":{},"end":{}}],"line":57},"4":{"loc":{"start":{"line":58,"column":6},"end":{"line":60,"column":null}},"type":"if","locations":[{"start":{"line":58,"column":6},"end":{"line":60,"column":null}},{"start":{},"end":{}}],"line":58},"5":{"loc":{"start":{"line":71,"column":2},"end":{"line":73,"column":null}},"type":"if","locations":[{"start":{"line":71,"column":2},"end":{"line":73,"column":null}},{"start":{},"end":{}}],"line":71},"6":{"loc":{"start":{"line":74,"column":2},"end":{"line":76,"column":null}},"type":"if","locations":[{"start":{"line":74,"column":2},"end":{"line":76,"column":null}},{"start":{},"end":{}}],"line":74}},"s":{"0":1,"1":12,"2":0,"3":0,"4":0,"5":0,"6":18,"7":18,"8":0,"9":18,"10":12,"11":0,"12":12,"13":12,"14":120,"15":120,"16":12,"17":12,"18":12,"19":12,"20":36,"21":12,"22":12,"23":0,"24":0,"25":0,"26":0,"27":0,"28":0,"29":0,"30":12,"31":12},"f":{"0":12,"1":0,"2":18,"3":12,"4":120,"5":12,"6":12},"b":{"0":[0,0],"1":[0,18],"2":[0,12],"3":[12,24],"4":[12,0],"5":[0,0],"6":[0,0]},"meta":{"lastBranch":7,"lastFunction":7,"lastStatement":32,"seen":{"s:4:25:10:Infinity":0,"f:12:9:12:20":0,"s:13:2:13:Infinity":1,"f:16:9:16:Infinity":1,"b:23:2:25:Infinity:undefined:undefined:undefined:undefined":0,"s:23:2:25:Infinity":2,"s:24:4:24:Infinity":3,"s:26:8:26:Infinity":4,"s:27:2:27:Infinity":5,"f:30:16:30:37":2,"s:31:18:31:Infinity":6,"b:32:2:34:Infinity:undefined:undefined:undefined:undefined":1,"s:32:2:34:Infinity":7,"s:33:4:33:Infinity":8,"s:35:2:35:Infinity":9,"f:38:16:38:Infinity":3,"b:42:2:44:Infinity:undefined:undefined:undefined:undefined":2,"s:42:2:44:Infinity":10,"s:43:4:43:Infinity":11,"s:45:18:45:Infinity":12,"s:46:26:49:Infinity":13,"f:46:41:46:42":4,"s:47:26:47:Infinity":14,"s:48:4:48:Infinity":15,"s:50:24:50:Infinity":16,"s:51:2:51:Infinity":17,"f:54:16:54:37":5,"s:55:18:55:Infinity":18,"s:56:2:69:Infinity":19,"b:57:4:68:Infinity:undefined:undefined:undefined:undefined":3,"s:57:4:68:Infinity":20,"b:58:6:60:Infinity:undefined:undefined:undefined:undefined":4,"s:58:6:60:Infinity":21,"s:59:8:59:Infinity":22,"s:61:6:67:Infinity":23,"s:70:19:70:Infinity":24,"b:71:2:73:Infinity:undefined:undefined:undefined:undefined":5,"s:71:2:73:Infinity":25,"s:72:4:72:Infinity":26,"b:74:2:76:Infinity:undefined:undefined:undefined:undefined":6,"s:74:2:76:Infinity":27,"s:75:4:75:Infinity":28,"s:77:2:77:Infinity":29,"f:80:16:80:Infinity":6,"s:84:28:84:Infinity":30,"s:85:2:88:Infinity":31}}}
,"C:\\Users\\Garry\\Downloads\\pricingapp-codex-add-project-type-for-animation-video\\shared\\pricing\\constants.ts": {"path":"C:\\Users\\Garry\\Downloads\\pricingapp-codex-add-project-type-for-animation-video\\shared\\pricing\\constants.ts","statementMap":{"0":{"start":{"line":3,"column":39},"end":{"line":3,"column":null}},"1":{"start":{"line":5,"column":61},"end":{"line":9,"column":null}}},"fnMap":{},"branchMap":{},"s":{"0":1,"1":1},"f":{},"b":{},"meta":{"lastBranch":0,"lastFunction":0,"lastStatement":2,"seen":{"s:3:39:3:Infinity":0,"s:5:61:9:Infinity":1}}}
,"C:\\Users\\Garry\\Downloads\\pricingapp-codex-add-project-type-for-animation-video\\shared\\pricing\\core.ts": {"path":"C:\\Users\\Garry\\Downloads\\pricingapp-codex-add-project-type-for-animation-video\\shared\\pricing\\core.ts","statementMap":{"0":{"start":{"line":13,"column":2},"end":{"line":13,"column":null}},"1":{"start":{"line":19,"column":36},"end":{"line":19,"column":null}},"2":{"start":{"line":20,"column":20},"end":{"line":20,"column":null}},"3":{"start":{"line":21,"column":2},"end":{"line":21,"column":null}},"4":{"start":{"line":25,"column":2},"end":{"line":27,"column":null}},"5":{"start":{"line":26,"column":34},"end":{"line":26,"column":58}},"6":{"start":{"line":33,"column":20},"end":{"line":33,"column":null}},"7":{"start":{"line":34,"column":14},"end":{"line":34,"column":null}},"8":{"start":{"line":35,"column":15},"end":{"line":35,"column":null}},"9":{"start":{"line":36,"column":16},"end":{"line":36,"column":null}},"10":{"start":{"line":37,"column":2},"end":{"line":37,"column":null}},"11":{"start":{"line":41,"column":22},"end":{"line":43,"column":null}},"12":{"start":{"line":42,"column":4},"end":{"line":42,"column":null}},"13":{"start":{"line":44,"column":21},"end":{"line":46,"column":null}},"14":{"start":{"line":45,"column":4},"end":{"line":45,"column":null}},"15":{"start":{"line":48,"column":19},"end":{"line":48,"column":null}},"16":{"start":{"line":49,"column":19},"end":{"line":49,"column":null}},"17":{"start":{"line":50,"column":14},"end":{"line":50,"column":null}},"18":{"start":{"line":51,"column":19},"end":{"line":51,"column":null}},"19":{"start":{"line":54,"column":4},"end":{"line":62,"column":null}},"20":{"start":{"line":64,"column":26},"end":{"line":66,"column":null}},"21":{"start":{"line":68,"column":19},"end":{"line":70,"column":null}},"22":{"start":{"line":73,"column":4},"end":{"line":73,"column":null}},"23":{"start":{"line":74,"column":22},"end":{"line":74,"column":null}},"24":{"start":{"line":75,"column":21},"end":{"line":75,"column":null}},"25":{"start":{"line":77,"column":26},"end":{"line":77,"column":null}},"26":{"start":{"line":79,"column":4},"end":{"line":81,"column":null}},"27":{"start":{"line":83,"column":4},"end":{"line":85,"column":null}},"28":{"start":{"line":87,"column":2},"end":{"line":109,"column":null}}},"fnMap":{"0":{"name":"roundCurrency","decl":{"start":{"line":12,"column":9},"end":{"line":12,"column":23}},"loc":{"start":{"line":12,"column":46},"end":{"line":14,"column":null}},"line":12},"1":{"name":"normaliseLine","decl":{"start":{"line":16,"column":9},"end":{"line":16,"column":null}},"loc":{"start":{"line":18,"column":35},"end":{"line":22,"column":null}},"line":18},"2":{"name":"sumLines","decl":{"start":{"line":24,"column":9},"end":{"line":24,"column":18}},"loc":{"start":{"line":24,"column":73},"end":{"line":28,"column":null}},"line":24},"3":{"name":"(anonymous_3)","decl":{"start":{"line":26,"column":17},"end":{"line":26,"column":18}},"loc":{"start":{"line":26,"column":34},"end":{"line":26,"column":58}},"line":26},"4":{"name":"sumOOP","decl":{"start":{"line":30,"column":9},"end":{"line":30,"column":null}},"loc":{"start":{"line":32,"column":67},"end":{"line":38,"column":null}},"line":32},"5":{"name":"calculateQuote","decl":{"start":{"line":40,"column":16},"end":{"line":40,"column":31}},"loc":{"start":{"line":40,"column":63},"end":{"line":110,"column":null}},"line":40},"6":{"name":"(anonymous_6)","decl":{"start":{"line":41,"column":37},"end":{"line":41,"column":38}},"loc":{"start":{"line":42,"column":4},"end":{"line":42,"column":null}},"line":42},"7":{"name":"(anonymous_7)","decl":{"start":{"line":44,"column":36},"end":{"line":44,"column":37}},"loc":{"start":{"line":45,"column":4},"end":{"line":45,"column":null}},"line":45}},"branchMap":{"0":{"loc":{"start":{"line":33,"column":34},"end":{"line":33,"column":53}},"type":"binary-expr","locations":[{"start":{"line":33,"column":34},"end":{"line":33,"column":52}},{"start":{"line":33,"column":52},"end":{"line":33,"column":53}}],"line":33},"1":{"loc":{"start":{"line":34,"column":28},"end":{"line":34,"column":41}},"type":"binary-expr","locations":[{"start":{"line":34,"column":28},"end":{"line":34,"column":40}},{"start":{"line":34,"column":40},"end":{"line":34,"column":41}}],"line":34},"2":{"loc":{"start":{"line":35,"column":29},"end":{"line":35,"column":43}},"type":"binary-expr","locations":[{"start":{"line":35,"column":29},"end":{"line":35,"column":42}},{"start":{"line":35,"column":42},"end":{"line":35,"column":43}}],"line":35},"3":{"loc":{"start":{"line":54,"column":4},"end":{"line":62,"column":null}},"type":"cond-expr","locations":[{"start":{"line":55,"column":8},"end":{"line":58,"column":null}},{"start":{"line":58,"column":8},"end":{"line":62,"column":null}}],"line":54},"4":{"loc":{"start":{"line":54,"column":4},"end":{"line":54,"column":null}},"type":"binary-expr","locations":[{"start":{"line":54,"column":4},"end":{"line":54,"column":35}},{"start":{"line":54,"column":35},"end":{"line":54,"column":null}}],"line":54},"5":{"loc":{"start":{"line":64,"column":26},"end":{"line":66,"column":null}},"type":"cond-expr","locations":[{"start":{"line":65,"column":6},"end":{"line":65,"column":null}},{"start":{"line":66,"column":6},"end":{"line":66,"column":null}}],"line":64},"6":{"loc":{"start":{"line":73,"column":4},"end":{"line":73,"column":null}},"type":"binary-expr","locations":[{"start":{"line":73,"column":4},"end":{"line":73,"column":28}},{"start":{"line":73,"column":28},"end":{"line":73,"column":null}}],"line":73},"7":{"loc":{"start":{"line":79,"column":4},"end":{"line":81,"column":null}},"type":"cond-expr","locations":[{"start":{"line":80,"column":8},"end":{"line":80,"column":null}},{"start":{"line":81,"column":8},"end":{"line":81,"column":null}}],"line":79},"8":{"loc":{"start":{"line":83,"column":4},"end":{"line":85,"column":null}},"type":"cond-expr","locations":[{"start":{"line":84,"column":8},"end":{"line":84,"column":null}},{"start":{"line":85,"column":8},"end":{"line":85,"column":null}}],"line":83},"9":{"loc":{"start":{"line":83,"column":4},"end":{"line":83,"column":null}},"type":"binary-expr","locations":[{"start":{"line":83,"column":4},"end":{"line":83,"column":37}},{"start":{"line":83,"column":37},"end":{"line":83,"column":null}}],"line":83}},"s":{"0":108,"1":18,"2":18,"3":18,"4":12,"5":18,"6":6,"7":6,"8":6,"9":6,"10":6,"11":6,"12":12,"13":6,"14":6,"15":6,"16":6,"17":6,"18":6,"19":6,"20":6,"21":6,"22":6,"23":6,"24":6,"25":6,"26":6,"27":6,"28":6},"f":{"0":108,"1":18,"2":12,"3":18,"4":6,"5":6,"6":12,"7":6},"b":{"0":[6,0],"1":[6,0],"2":[6,6],"3":[0,6],"4":[6,0],"5":[6,0],"6":[6,6],"7":[6,0],"8":[6,0],"9":[6,6]},"meta":{"lastBranch":10,"lastFunction":8,"lastStatement":29,"seen":{"f:12:9:12:23":0,"s:13:2:13:Infinity":0,"f:16:9:16:Infinity":1,"s:19:36:19:Infinity":1,"s:20:20:20:Infinity":2,"s:21:2:21:Infinity":3,"f:24:9:24:18":2,"s:25:2:27:Infinity":4,"f:26:17:26:18":3,"s:26:34:26:58":5,"f:30:9:30:Infinity":4,"s:33:20:33:Infinity":6,"b:33:34:33:52:33:52:33:53":0,"s:34:14:34:Infinity":7,"b:34:28:34:40:34:40:34:41":1,"s:35:15:35:Infinity":8,"b:35:29:35:42:35:42:35:43":2,"s:36:16:36:Infinity":9,"s:37:2:37:Infinity":10,"f:40:16:40:31":5,"s:41:22:43:Infinity":11,"f:41:37:41:38":6,"s:42:4:42:Infinity":12,"s:44:21:46:Infinity":13,"f:44:36:44:37":7,"s:45:4:45:Infinity":14,"s:48:19:48:Infinity":15,"s:49:19:49:Infinity":16,"s:50:14:50:Infinity":17,"s:51:19:51:Infinity":18,"s:54:4:62:Infinity":19,"b:55:8:58:Infinity:58:8:62:Infinity":3,"b:54:4:54:35:54:35:54:Infinity":4,"s:64:26:66:Infinity":20,"b:65:6:65:Infinity:66:6:66:Infinity":5,"s:68:19:70:Infinity":21,"s:73:4:73:Infinity":22,"b:73:4:73:28:73:28:73:Infinity":6,"s:74:22:74:Infinity":23,"s:75:21:75:Infinity":24,"s:77:26:77:Infinity":25,"s:79:4:81:Infinity":26,"b:80:8:80:Infinity:81:8:81:Infinity":7,"s:83:4:85:Infinity":27,"b:84:8:84:Infinity:85:8:85:Infinity":8,"b:83:4:83:37:83:37:83:Infinity":9,"s:87:2:109:Infinity":28}}}
,"C:\\Users\\Garry\\Downloads\\pricingapp-codex-add-project-type-for-animation-video\\shared\\pricing\\templates.ts": {"path":"C:\\Users\\Garry\\Downloads\\pricingapp-codex-add-project-type-for-animation-video\\shared\\pricing\\templates.ts","statementMap":{"0":{"start":{"line":4,"column":28},"end":{"line":8,"column":null}},"1":{"start":{"line":10,"column":80},"end":{"line":207,"column":null}},"2":{"start":{"line":210,"column":2},"end":{"line":210,"column":null}}},"fnMap":{"0":{"name":"getTemplateConfig","decl":{"start":{"line":209,"column":16},"end":{"line":209,"column":34}},"loc":{"start":{"line":209,"column":80},"end":{"line":211,"column":null}},"line":209}},"branchMap":{},"s":{"0":1,"1":1,"2":0},"f":{"0":0},"b":{},"meta":{"lastBranch":0,"lastFunction":1,"lastStatement":3,"seen":{"s:4:28:8:Infinity":0,"s:10:80:207:Infinity":1,"f:209:16:209:34":0,"s:210:2:210:Infinity":2}}}
}
